c:\users\s171461\documents\visual studio 2015\projects\glthings\glthings\debug\vc140.pdb
c:\users\s171461\documents\visual studio 2015\projects\glthings\glthings\debug\vc140.idb
c:\users\s171461\documents\visual studio 2015\projects\glthings\glthings\debug\gizmos.obj
c:\users\s171461\documents\visual studio 2015\projects\glthings\glthings\debug\application.obj
c:\users\s171461\documents\visual studio 2015\projects\glthings\glthings\debug\camera.obj
c:\users\s171461\documents\visual studio 2015\projects\glthings\glthings\debug\flycamera.obj
c:\users\s171461\documents\visual studio 2015\projects\glthings\glthings\debug\main.obj
c:\users\s171461\documents\visual studio 2015\projects\glthings\glthings\debug\entity.obj
c:\users\s171461\documents\visual studio 2015\projects\glthings\glthings\debug\object.obj
c:\users\s171461\documents\visual studio 2015\projects\glthings\glthings\debug\postprocessing.obj
c:\users\s171461\documents\visual studio 2015\projects\glthings\glthings\debug\renderer.obj
c:\users\s171461\documents\visual studio 2015\projects\glthings\glthings\debug\shadermanager.obj
c:\users\s171461\documents\visual studio 2015\projects\glthings\glthings\debug\textureloader.obj
c:\users\s171461\documents\visual studio 2015\projects\glthings\glthings\debug\texturemanager.obj
c:\users\s171461\documents\visual studio 2015\projects\glthings\glthings\debug\tiny_obj_loader.obj
c:\users\s171461\documents\visual studio 2015\projects\glthings\glthings\debug\vertexloader.obj
c:\users\s171461\documents\visual studio 2015\projects\glthings\glthings\debug\gl_core_4_4.obj
c:\users\s171461\documents\visual studio 2015\projects\glthings\debug\glthings.ilk
c:\users\s171461\documents\visual studio 2015\projects\glthings\debug\glthings.exe
c:\users\s171461\documents\visual studio 2015\projects\glthings\debug\glthings.pdb
c:\users\s171461\documents\visual studio 2015\projects\glthings\glthings\debug\glthings.tlog\cl.command.1.tlog
c:\users\s171461\documents\visual studio 2015\projects\glthings\glthings\debug\glthings.tlog\cl.read.1.tlog
c:\users\s171461\documents\visual studio 2015\projects\glthings\glthings\debug\glthings.tlog\cl.write.1.tlog
c:\users\s171461\documents\visual studio 2015\projects\glthings\glthings\debug\glthings.tlog\link.command.1.tlog
c:\users\s171461\documents\visual studio 2015\projects\glthings\glthings\debug\glthings.tlog\link.read.1.tlog
c:\users\s171461\documents\visual studio 2015\projects\glthings\glthings\debug\glthings.tlog\link.write.1.tlog
