c:\users\s171461\documents\visual studio 2015\projects\glthings\glthings\x64\release\vc140.pdb
c:\users\s171461\documents\visual studio 2015\projects\glthings\glthings\x64\release\vertexloader.obj
c:\users\s171461\documents\visual studio 2015\projects\glthings\glthings\x64\release\tiny_obj_loader.obj
c:\users\s171461\documents\visual studio 2015\projects\glthings\glthings\x64\release\texturemanager.obj
c:\users\s171461\documents\visual studio 2015\projects\glthings\glthings\x64\release\textureloader.obj
c:\users\s171461\documents\visual studio 2015\projects\glthings\glthings\x64\release\shadermanager.obj
c:\users\s171461\documents\visual studio 2015\projects\glthings\glthings\x64\release\renderer.obj
c:\users\s171461\documents\visual studio 2015\projects\glthings\glthings\x64\release\object.obj
c:\users\s171461\documents\visual studio 2015\projects\glthings\glthings\x64\release\entity.obj
c:\users\s171461\documents\visual studio 2015\projects\glthings\glthings\x64\release\main.obj
c:\users\s171461\documents\visual studio 2015\projects\glthings\glthings\x64\release\flycamera.obj
c:\users\s171461\documents\visual studio 2015\projects\glthings\glthings\x64\release\camera.obj
c:\users\s171461\documents\visual studio 2015\projects\glthings\glthings\x64\release\application.obj
c:\users\s171461\documents\visual studio 2015\projects\glthings\glthings\x64\release\gizmos.obj
c:\users\s171461\documents\visual studio 2015\projects\glthings\glthings\x64\release\gl_core_4_4.obj
c:\users\s171461\documents\visual studio 2015\projects\glthings\glthings\x64\release\glthings.tlog\cl.command.1.tlog
c:\users\s171461\documents\visual studio 2015\projects\glthings\glthings\x64\release\glthings.tlog\cl.read.1.tlog
c:\users\s171461\documents\visual studio 2015\projects\glthings\glthings\x64\release\glthings.tlog\cl.write.1.tlog
c:\users\s171461\documents\visual studio 2015\projects\glthings\glthings\x64\release\glthings.tlog\link.command.1.tlog
c:\users\s171461\documents\visual studio 2015\projects\glthings\glthings\x64\release\glthings.tlog\link.read.1.tlog
c:\users\s171461\documents\visual studio 2015\projects\glthings\glthings\x64\release\glthings.tlog\link.write.1.tlog
